TN:
SF:src/css-variables.ts
FN:1,setCssVariable
FN:8,setCssVariables
FNF:2
FNH:2
FNDA:2,setCssVariable
FNDA:2,setCssVariables
DA:1,1
DA:2,2
DA:3,2
DA:4,1
DA:5,1
DA:6,2
DA:8,1
DA:9,2
DA:10,2
DA:12,1
DA:13,3
DA:14,2
DA:15,2
DA:16,1
DA:17,1
LF:15
LH:15
BRDA:1,0,0,2
BRDA:3,1,0,1
BRDA:8,2,0,2
BRDA:10,3,0,1
BRDA:12,4,0,3
BRDA:13,5,0,2
BRF:6
BRH:6
end_of_record
TN:
SF:src/dom-props.ts
FN:4,setElementStyle
FN:12,classNamesMatch
FN:15,normalize
FN:33,syncProperty
FN:75,applyElementProps
FN:82,updateElementProps
FNF:6
FNH:6
FNDA:7,setElementStyle
FNDA:11,classNamesMatch
FNDA:18,normalize
FNDA:36,syncProperty
FNDA:16,applyElementProps
FNDA:13,updateElementProps
DA:1,1
DA:4,1
DA:5,7
DA:6,4
DA:7,4
DA:8,3
DA:9,3
DA:10,7
DA:12,1
DA:13,11
DA:15,9
DA:17,9
DA:18,9
DA:20,11
DA:21,4
DA:22,4
DA:24,9
DA:25,8
DA:26,2
DA:27,2
DA:28,8
DA:30,3
DA:31,3
DA:33,1
DA:34,36
DA:36,36
DA:37,3
DA:38,2
DA:39,2
DA:40,3
DA:41,3
DA:43,36
DA:44,10
DA:45,10
DA:46,3
DA:47,3
DA:48,3
DA:50,8
DA:51,3
DA:52,3
DA:53,4
DA:54,4
DA:55,4
DA:57,36
DA:58,5
DA:59,5
DA:60,5
DA:62,36
DA:63,8
DA:64,8
DA:65,8
DA:67,27
DA:68,5
DA:69,5
DA:70,5
DA:72,2
DA:73,2
DA:75,1
DA:76,16
DA:77,16
DA:78,19
DA:79,19
DA:80,16
DA:82,1
DA:83,13
DA:84,13
DA:85,17
DA:86,17
DA:87,13
LF:69
LH:69
BRDA:4,0,0,7
BRDA:5,1,0,4
BRDA:7,2,0,3
BRDA:12,3,0,11
BRDA:13,4,0,2
BRDA:13,5,0,9
BRDA:20,6,0,4
BRDA:22,7,0,9
BRDA:22,8,0,5
BRDA:24,9,0,8
BRDA:25,10,0,2
BRDA:28,11,0,3
BRDA:15,12,0,18
BRDA:33,13,0,36
BRDA:34,14,0,3
BRDA:34,15,0,33
BRDA:36,16,0,3
BRDA:36,17,0,3
BRDA:37,18,0,2
BRDA:41,19,0,30
BRDA:43,20,0,10
BRDA:45,21,0,3
BRDA:48,22,0,8
BRDA:48,23,0,7
BRDA:50,24,0,3
BRDA:52,25,0,4
BRDA:55,26,0,20
BRDA:57,27,0,5
BRDA:60,28,0,15
BRDA:62,29,0,8
BRDA:65,30,0,34
BRDA:65,31,0,27
BRDA:65,32,0,7
BRDA:67,33,0,5
BRDA:70,34,0,2
BRDA:75,35,0,16
BRDA:76,36,0,1
BRDA:77,37,0,19
BRDA:82,38,0,13
BRDA:83,39,0,1
BRDA:84,40,0,17
BRF:41
BRH:41
end_of_record
TN:
SF:src/event-manager.ts
FN:7,registerEventHandler
FN:17,setupEventDelegation
FN:26,delegatedHandler
FN:41,cleanupEvents
FN:56,hasEventHandlers
FN:71,handleDelegatedEvent
FNF:6
FNH:6
FNDA:4,registerEventHandler
FNDA:12,setupEventDelegation
FNDA:3,delegatedHandler
FNDA:13,cleanupEvents
FNDA:72,hasEventHandlers
FNDA:3,handleDelegatedEvent
DA:3,1
DA:4,1
DA:5,1
DA:7,1
DA:8,4
DA:10,4
DA:11,4
DA:12,4
DA:14,4
DA:15,4
DA:17,1
DA:18,12
DA:19,12
DA:20,12
DA:22,12
DA:23,72
DA:24,3
DA:26,3
DA:27,3
DA:28,3
DA:30,3
DA:31,3
DA:32,3
DA:33,72
DA:35,12
DA:36,3
DA:37,3
DA:38,3
DA:39,12
DA:41,1
DA:42,13
DA:43,13
DA:44,13
DA:45,1
DA:46,1
DA:47,1
DA:48,1
DA:49,1
DA:50,1
DA:51,1
DA:52,1
DA:53,1
DA:54,13
DA:56,1
DA:57,72
DA:59,72
DA:60,72
DA:61,130
DA:62,130
DA:63,3
DA:64,3
DA:65,127
DA:66,127
DA:68,69
DA:69,69
DA:71,3
DA:72,3
DA:74,3
DA:75,4
DA:76,4
DA:77,3
DA:78,3
DA:79,3
DA:80,3
DA:81,3
DA:82,3
DA:83,1
DA:84,1
DA:85,3
LF:69
LH:69
BRDA:7,0,0,4
BRDA:17,1,0,12
BRDA:22,2,0,72
BRDA:23,3,0,3
BRDA:35,4,0,3
BRDA:26,5,0,3
BRDA:41,6,0,13
BRDA:44,7,0,1
BRDA:44,8,0,1
BRDA:56,9,0,72
BRDA:60,10,0,130
BRDA:62,11,0,18
BRDA:62,12,0,3
BRDA:64,13,0,127
BRDA:66,14,0,69
BRDA:71,15,0,3
BRDA:74,16,0,4
BRDA:76,17,0,3
BRDA:76,18,0,3
BRDA:82,19,0,1
BRF:20
BRH:20
end_of_record
TN:
SF:src/fragment.ts
FN:7,Fragment
FNF:1
FNH:1
FNDA:4,Fragment
DA:7,1
DA:8,4
DA:10,4
DA:11,4
DA:12,4
DA:13,4
DA:14,4
DA:15,4
DA:16,4
LF:9
LH:9
BRDA:7,0,0,4
BRDA:8,1,0,2
BRDA:8,2,0,2
BRF:3
BRH:3
end_of_record
TN:
SF:src/jsx-runtime.ts
FN:15,renderComponent
FN:38,normalizeChildren
FN:44,sanitizeProps
FN:53,jsx
FNF:4
FNH:4
FNDA:5,renderComponent
FNDA:5,normalizeChildren
FNDA:5,sanitizeProps
FNDA:12,jsx
DA:1,1
DA:2,1
DA:4,1
DA:15,1
DA:16,5
DA:17,5
DA:18,5
DA:19,5
DA:20,5
DA:21,5
DA:23,5
DA:24,2
DA:25,5
DA:26,2
DA:27,2
DA:29,5
DA:31,5
DA:32,1
DA:33,1
DA:35,5
DA:36,5
DA:38,1
DA:39,5
DA:40,5
DA:41,2
DA:42,2
DA:44,1
DA:45,5
DA:46,2
DA:47,2
DA:49,3
DA:50,3
DA:51,3
DA:53,1
DA:54,12
DA:55,12
DA:56,12
DA:57,12
DA:58,12
DA:65,5
DA:66,5
DA:68,5
DA:69,4
DA:70,4
DA:72,5
DA:74,5
DA:75,1
DA:76,1
DA:78,5
DA:79,5
DA:81,7
DA:82,7
DA:84,1
LF:53
LH:53
BRDA:15,0,0,5
BRDA:23,1,0,2
BRDA:25,2,0,3
BRDA:25,3,0,2
BRDA:31,4,0,1
BRDA:31,5,0,1
BRDA:31,6,0,1
BRDA:38,7,0,5
BRDA:39,8,0,1
BRDA:39,9,0,4
BRDA:40,10,0,2
BRDA:44,11,0,5
BRDA:45,12,0,3
BRDA:45,13,0,2
BRDA:53,14,0,12
BRDA:58,15,0,5
BRDA:60,16,0,1
BRDA:68,17,0,4
BRDA:74,18,0,1
BRDA:74,19,0,1
BRDA:74,20,0,1
BRDA:79,21,0,7
BRF:22
BRH:22
end_of_record
TN:
SF:src/portal.ts
FN:12,Portal
FN:27,createPortal
FNF:2
FNH:2
FNDA:4,Portal
FNDA:1,createPortal
DA:1,1
DA:2,1
DA:5,1
DA:12,1
DA:13,4
DA:14,4
DA:16,4
DA:17,1
DA:18,1
DA:19,1
DA:21,3
DA:22,4
DA:24,4
DA:25,4
DA:27,1
DA:28,1
DA:29,1
LF:17
LH:17
BRDA:12,0,0,4
BRDA:13,1,0,4
BRDA:14,2,0,2
BRDA:14,3,0,2
BRDA:16,4,0,1
BRDA:19,5,0,3
BRDA:27,6,0,1
BRF:7
BRH:7
end_of_record
TN:
SF:src/render.ts
FN:9,render
FN:21,createElementFromVNode
FN:35,createFragment
FN:46,createFunctionElement
FN:75,createElement
FN:87,cleanupElement
FNF:6
FNH:6
FNDA:13,render
FNDA:38,createElementFromVNode
FNDA:1,createFragment
FNDA:10,createFunctionElement
FNDA:12,createElement
FNDA:12,cleanupElement
DA:2,1
DA:4,1
DA:5,1
DA:6,1
DA:7,1
DA:9,1
DA:10,13
DA:11,12
DA:13,12
DA:15,13
DA:17,9
DA:18,9
DA:19,9
DA:21,1
DA:22,38
DA:24,38
DA:26,38
DA:28,38
DA:30,38
DA:32,12
DA:33,12
DA:35,1
DA:36,1
DA:38,1
DA:39,2
DA:40,2
DA:41,2
DA:43,1
DA:44,1
DA:46,1
DA:47,10
DA:49,10
DA:50,10
DA:52,10
DA:53,5
DA:54,5
DA:55,3
DA:56,5
DA:57,2
DA:58,2
DA:59,5
DA:61,10
DA:62,10
DA:63,10
DA:64,10
DA:65,10
DA:66,2
DA:68,2
DA:71,10
DA:72,10
DA:73,10
DA:75,1
DA:76,12
DA:78,12
DA:79,12
DA:80,13
DA:81,13
DA:82,13
DA:84,12
DA:85,12
DA:87,1
DA:88,12
DA:89,12
DA:91,12
DA:92,13
DA:93,13
DA:94,13
DA:95,13
DA:96,13
DA:97,12
DA:98,12
DA:99,12
DA:101,1
DA:102,1
DA:103,1
DA:104,1
DA:105,1
DA:106,1
DA:107,1
LF:79
LH:79
BRDA:9,0,0,13
BRDA:10,1,0,1
BRDA:10,2,0,12
BRDA:15,3,0,2
BRDA:15,4,0,9
BRDA:21,5,0,38
BRDA:22,6,0,2
BRDA:22,7,0,36
BRDA:24,8,0,21
BRDA:24,9,0,35
BRDA:24,10,0,16
BRDA:24,11,0,20
BRDA:26,12,0,2
BRDA:26,13,0,18
BRDA:28,14,0,1
BRDA:28,15,0,17
BRDA:30,16,0,5
BRDA:30,17,0,12
BRDA:35,18,0,1
BRDA:38,19,0,2
BRDA:46,20,0,10
BRDA:49,21,0,1
BRDA:52,22,0,5
BRDA:53,23,0,2
BRDA:53,24,0,3
BRDA:54,25,0,3
BRDA:56,26,0,2
BRDA:65,27,0,2
BRDA:70,28,0,1
BRDA:71,29,0,5
BRDA:75,30,0,12
BRDA:79,31,0,13
BRDA:87,32,0,12
BRDA:91,33,0,13
BRDA:94,34,0,1
BRDA:94,35,0,1
BRF:36
BRH:36
end_of_record
TN:
SF:src/vdom.ts
FN:3,h
FN:23,flattenChildren
FN:37,isVNode
FN:41,isSameNodeType
FNF:4
FNH:4
FNDA:13,h
FNDA:15,flattenChildren
FNDA:22,isVNode
FNDA:2,isSameNodeType
DA:3,1
DA:4,13
DA:5,4
DA:6,4
DA:7,4
DA:8,4
DA:9,4
DA:10,4
DA:11,4
DA:13,9
DA:15,9
DA:16,9
DA:17,9
DA:18,9
DA:19,9
DA:20,9
DA:21,9
DA:23,1
DA:24,15
DA:26,15
DA:27,17
DA:28,2
DA:29,17
DA:30,13
DA:31,13
DA:32,17
DA:34,15
DA:35,15
DA:37,1
DA:38,22
DA:39,22
DA:41,1
DA:42,2
DA:43,2
LF:34
LH:34
BRDA:3,0,0,13
BRDA:4,1,0,12
BRDA:4,2,0,4
BRDA:11,3,0,9
BRDA:23,4,0,15
BRDA:26,5,0,17
BRDA:27,6,0,2
BRDA:29,7,0,15
BRDA:29,8,0,13
BRDA:37,9,0,22
BRDA:38,10,0,19
BRDA:38,11,0,19
BRDA:41,12,0,2
BRDA:42,13,0,1
BRF:14
BRH:14
end_of_record
TN:
SF:src/context/create-context.ts
FN:9,createContext
FN:16,Provider
FN:39,getContextFromComponent
FN:47,enterContextProvider
FN:51,exitContextProvider
FNF:5
FNH:5
FNDA:13,createContext
FNDA:12,Provider
FNDA:15,getContextFromComponent
FNDA:10,enterContextProvider
FNDA:10,exitContextProvider
DA:2,1
DA:5,1
DA:9,1
DA:10,13
DA:11,13
DA:12,13
DA:13,13
DA:14,13
DA:16,13
DA:17,12
DA:19,12
DA:20,10
DA:21,2
DA:22,2
DA:23,10
DA:24,10
DA:26,2
DA:27,12
DA:29,13
DA:30,13
DA:31,13
DA:32,13
DA:34,13
DA:36,13
DA:37,13
DA:39,1
DA:40,15
DA:41,14
DA:42,14
DA:44,1
DA:45,1
DA:47,1
DA:48,10
DA:49,10
DA:51,1
DA:52,10
DA:53,10
LF:37
LH:37
BRDA:9,0,0,13
BRDA:16,1,0,12
BRDA:17,2,0,1
BRDA:19,3,0,10
BRDA:20,4,0,2
BRDA:22,5,0,8
BRDA:23,6,0,1
BRDA:24,7,0,2
BRDA:39,8,0,15
BRDA:40,9,0,14
BRDA:40,10,0,14
BRDA:42,11,0,1
BRDA:47,12,0,10
BRDA:51,13,0,10
BRF:14
BRH:14
end_of_record
TN:
SF:src/context/internal.ts
FNF:0
FNH:0
DA:1,1
DA:2,1
LF:2
LH:2
BRF:0
BRH:0
end_of_record
TN:
SF:src/context/registry.ts
FN:9,getRecord
FN:18,beginContext
FN:23,endContext
FN:28,readContextValue
FNF:4
FNH:4
FNDA:46,getRecord
FNDA:14,beginContext
FNDA:13,endContext
FNDA:19,readContextValue
DA:7,1
DA:9,1
DA:10,46
DA:11,46
DA:12,13
DA:13,13
DA:14,13
DA:15,46
DA:16,46
DA:18,1
DA:19,14
DA:20,14
DA:21,14
DA:23,1
DA:24,13
DA:25,13
DA:26,13
DA:28,1
DA:29,19
DA:30,19
DA:31,11
DA:32,11
DA:33,8
DA:34,8
LF:24
LH:24
BRDA:9,0,0,46
BRDA:11,1,0,13
BRDA:18,2,0,14
BRDA:23,3,0,13
BRDA:28,4,0,19
BRDA:30,5,0,11
BRDA:32,6,0,8
BRF:7
BRH:7
end_of_record
TN:
SF:src/hooks/use-callback.ts
FN:3,useCallback
FNF:1
FNH:1
FNDA:3,useCallback
DA:1,1
DA:3,1
DA:4,3
DA:5,3
DA:6,3
DA:7,3
DA:8,3
LF:7
LH:7
BRDA:3,0,0,3
BRDA:7,1,0,2
BRF:2
BRH:2
end_of_record
TN:
SF:src/hooks/use-context.ts
FN:4,useContext
FNF:1
FNH:1
FNDA:6,useContext
DA:2,1
DA:4,1
DA:5,6
DA:7,5
DA:8,5
LF:5
LH:5
BRDA:4,0,0,6
BRDA:5,1,0,1
BRDA:5,2,0,5
BRF:3
BRH:3
end_of_record
TN:
SF:src/hooks/use-effect.ts
FN:6,useEffect
FNF:1
FNH:1
FNDA:9,useEffect
DA:1,1
DA:2,1
DA:6,1
DA:7,9
DA:8,9
DA:9,9
DA:10,9
DA:11,9
DA:12,9
DA:14,9
DA:15,5
DA:16,5
DA:17,5
DA:18,5
DA:19,5
DA:20,5
DA:21,5
DA:22,5
DA:23,5
DA:25,5
DA:26,1
DA:27,1
DA:29,3
DA:30,5
DA:32,9
DA:33,2
DA:34,2
DA:35,2
DA:36,2
DA:38,2
DA:39,2
DA:40,5
DA:41,1
DA:42,1
DA:43,9
LF:35
LH:35
BRDA:6,0,0,9
BRDA:14,1,0,5
BRDA:23,2,0,4
BRDA:25,3,0,1
BRDA:27,4,0,3
BRDA:30,5,0,2
BRDA:32,6,0,2
BRDA:32,7,0,5
BRDA:32,8,0,2
BRDA:40,9,0,1
BRF:10
BRH:10
end_of_record
TN:
SF:src/hooks/use-memo.ts
FN:5,useMemo
FNF:1
FNH:1
FNDA:8,useMemo
DA:1,1
DA:2,1
DA:5,1
DA:6,8
DA:7,8
DA:8,8
DA:10,8
DA:11,2
DA:12,2
DA:13,2
DA:14,2
DA:15,2
DA:16,2
DA:17,2
DA:18,2
DA:19,2
DA:21,8
DA:22,1
DA:23,1
DA:25,8
DA:26,3
DA:27,3
DA:28,3
DA:29,3
DA:31,5
DA:32,5
LF:26
LH:26
BRDA:5,0,0,8
BRDA:10,1,0,2
BRDA:19,2,0,6
BRDA:21,3,0,1
BRDA:23,4,0,7
BRDA:23,5,0,5
BRDA:25,6,0,4
BRDA:25,7,0,3
BRDA:29,8,0,5
BRF:9
BRH:9
end_of_record
TN:
SF:src/hooks/use-ref.ts
FN:4,useRef
FNF:1
FNH:1
FNDA:3,useRef
DA:1,1
DA:4,1
DA:5,3
DA:6,3
DA:7,3
DA:9,3
DA:10,1
DA:11,1
DA:12,1
DA:13,1
DA:14,1
DA:15,1
DA:16,1
DA:18,3
DA:19,1
DA:20,1
DA:22,1
DA:23,1
LF:18
LH:18
BRDA:4,0,0,3
BRDA:9,1,0,1
BRDA:16,2,0,2
BRDA:18,3,0,1
BRF:4
BRH:4
end_of_record
TN:
SF:src/hooks/use-state.ts
FN:4,useState
FN:18,setter
FNF:2
FNH:2
FNDA:4,useState
FNDA:3,setter
DA:1,1
DA:4,1
DA:5,4
DA:6,4
DA:7,4
DA:8,4
DA:9,4
DA:11,4
DA:12,2
DA:13,2
DA:15,2
DA:16,2
DA:17,2
DA:18,2
DA:19,3
DA:20,3
DA:21,1
DA:22,2
DA:24,3
DA:25,2
DA:26,2
DA:27,2
DA:28,3
DA:29,2
DA:31,2
DA:32,2
DA:33,2
DA:35,4
DA:36,1
DA:37,1
DA:39,1
DA:40,1
LF:32
LH:32
BRDA:4,0,0,4
BRDA:11,1,0,2
BRDA:13,2,0,1
BRDA:13,3,0,1
BRDA:35,4,0,1
BRDA:18,5,0,3
BRDA:20,6,0,1
BRDA:21,7,0,2
BRDA:24,8,0,2
BRF:9
BRH:9
end_of_record
TN:
SF:src/hooks/internal/context.ts
FN:5,setHookContext
FN:9,getHookContext
FNF:2
FNH:2
FNDA:45,setHookContext
FNDA:26,getHookContext
DA:3,1
DA:5,1
DA:6,45
DA:7,45
DA:9,1
DA:10,26
DA:11,1
DA:12,1
DA:13,25
DA:14,25
LF:10
LH:10
BRDA:5,0,0,45
BRDA:9,1,0,26
BRDA:10,2,0,25
BRDA:10,3,0,1
BRF:4
BRH:4
end_of_record
TN:
SF:src/hooks/internal/deps.ts
FN:3,deepEqual
FN:90,areDepsEqual
FNF:2
FNH:2
FNDA:65,deepEqual
FNDA:31,areDepsEqual
DA:1,1
DA:3,1
DA:4,65
DA:6,65
DA:7,9
DA:8,9
DA:10,39
DA:11,39
DA:13,59
DA:14,1
DA:15,1
DA:17,38
DA:19,38
DA:20,38
DA:22,59
DA:24,59
DA:25,2
DA:26,2
DA:28,59
DA:29,1
DA:30,1
DA:32,59
DA:33,9
DA:34,9
DA:35,13
DA:36,13
DA:37,5
DA:38,5
DA:40,65
DA:41,4
DA:42,4
DA:43,4
DA:44,1
DA:45,1
DA:46,3
DA:47,3
DA:48,4
DA:49,10
DA:50,10
DA:51,1
DA:52,1
DA:54,65
DA:55,5
DA:56,4
DA:57,4
DA:58,4
DA:59,4
DA:60,2
DA:61,2
DA:63,65
DA:64,4
DA:65,4
DA:66,6
DA:67,6
DA:68,2
DA:69,2
DA:71,59
DA:72,1
DA:73,1
DA:75,11
DA:76,11
DA:77,59
DA:79,9
DA:80,59
DA:85,10
DA:87,6
DA:88,6
DA:90,1
DA:91,31
DA:92,31
DA:94,31
DA:96,31
DA:98,31
DA:100,1
DA:101,1
DA:103,1
DA:104,1
DA:105,1
LF:78
LH:78
BRDA:3,0,0,65
BRDA:4,1,0,62
BRDA:4,2,0,17
BRDA:4,3,0,48
BRDA:6,4,0,39
BRDA:6,5,0,39
BRDA:6,6,0,39
BRDA:6,7,0,9
BRDA:8,8,0,59
BRDA:8,9,0,39
BRDA:13,10,0,1
BRDA:15,11,0,38
BRDA:22,12,0,1
BRDA:22,13,0,37
BRDA:24,14,0,2
BRDA:26,15,0,35
BRDA:28,16,0,1
BRDA:30,17,0,34
BRDA:32,18,0,9
BRDA:33,19,0,1
BRDA:33,20,0,8
BRDA:34,21,0,13
BRDA:35,22,0,3
BRDA:36,23,0,5
BRDA:38,24,0,25
BRDA:40,25,0,4
BRDA:40,26,0,59
BRDA:40,27,0,4
BRDA:43,28,0,1
BRDA:45,29,0,3
BRDA:48,30,0,10
BRDA:49,31,0,2
BRDA:50,32,0,1
BRDA:52,33,0,21
BRDA:54,34,0,5
BRDA:54,35,0,59
BRDA:54,36,0,5
BRDA:55,37,0,1
BRDA:55,38,0,4
BRDA:57,39,0,1
BRDA:57,40,0,3
BRDA:58,41,0,1
BRDA:59,42,0,2
BRDA:61,43,0,16
BRDA:63,44,0,4
BRDA:63,45,0,59
BRDA:63,46,0,4
BRDA:64,47,0,1
BRDA:64,48,0,3
BRDA:65,49,0,6
BRDA:66,50,0,1
BRDA:67,51,0,2
BRDA:69,52,0,12
BRDA:71,53,0,1
BRDA:73,54,0,11
BRDA:77,55,0,2
BRDA:77,56,0,9
BRDA:80,57,0,10
BRDA:82,58,0,1
BRDA:84,59,0,1
BRDA:85,60,0,6
BRDA:90,61,0,31
BRDA:91,62,0,1
BRDA:91,63,0,30
BRDA:92,64,0,29
BRDA:92,65,0,1
BRDA:92,66,0,29
BRDA:94,67,0,21
BRDA:94,68,0,8
BRDA:94,69,0,21
BRDA:96,70,0,1
BRDA:96,71,0,20
BRDA:98,72,0,19
BRDA:98,73,0,1
BRF:74
BRH:74
end_of_record
TN:
SF:src/hooks/internal/effect-utils.ts
FN:3,isEffectHook
FN:7,runEffects
FN:18,cleanupEffects
FNF:3
FNH:3
FNDA:9,isEffectHook
FNDA:7,runEffects
FNDA:1,cleanupEffects
DA:3,1
DA:4,9
DA:5,9
DA:7,1
DA:8,7
DA:9,5
DA:10,5
DA:11,5
DA:12,1
DA:13,1
DA:14,5
DA:15,5
DA:16,7
DA:18,1
DA:19,1
DA:20,1
DA:21,1
DA:22,1
DA:23,1
DA:24,1
DA:25,1
LF:21
LH:21
BRDA:3,0,0,9
BRDA:4,1,0,8
BRDA:7,2,0,7
BRDA:8,3,0,5
BRDA:11,4,0,1
BRDA:18,5,0,1
BRF:6
BRH:6
end_of_record
TN:
SF:src/hooks/internal/render.ts
FN:8,rerenderWithHooks
FN:14,updateElement
FN:35,updateElementChildren
FN:65,createElementFromVNode
FN:137,updateElement
FN:138,updateElementChildren
FNF:6
FNH:6
FNDA:8,rerenderWithHooks
FNDA:9,updateElement
FNDA:12,updateElementChildren
FNDA:19,createElementFromVNode
FNDA:2,updateElement
FNDA:5,updateElementChildren
DA:1,1
DA:2,1
DA:6,1
DA:8,1
DA:9,8
DA:11,6
DA:12,6
DA:14,1
DA:15,9
DA:17,9
DA:18,1
DA:19,1
DA:20,1
DA:21,1
DA:22,1
DA:24,9
DA:25,7
DA:26,7
DA:27,7
DA:29,7
DA:30,7
DA:31,7
DA:32,7
DA:33,9
DA:35,1
DA:36,12
DA:37,12
DA:39,12
DA:40,15
DA:41,15
DA:43,15
DA:44,8
DA:45,8
DA:46,7
DA:47,7
DA:48,15
DA:49,2
DA:50,7
DA:51,5
DA:52,4
DA:55,4
DA:56,4
DA:57,4
DA:58,5
DA:59,1
DA:60,1
DA:61,5
DA:62,15
DA:63,12
DA:65,1
DA:66,19
DA:67,19
DA:68,6
DA:69,6
DA:71,19
DA:72,11
DA:73,3
DA:74,3
DA:77,2
DA:78,2
DA:79,2
DA:81,3
DA:82,3
DA:83,3
DA:84,3
DA:85,3
DA:86,2
DA:87,2
DA:88,3
DA:89,3
DA:91,8
DA:93,8
DA:94,8
DA:95,7
DA:96,1
DA:97,1
DA:98,7
DA:101,6
DA:102,2
DA:103,1
DA:104,1
DA:105,1
DA:106,1
DA:107,5
DA:108,2
DA:109,3
DA:110,1
DA:111,1
DA:112,7
DA:113,8
DA:115,8
DA:116,8
DA:117,4
DA:118,4
DA:119,4
DA:120,4
DA:121,4
DA:122,8
DA:124,11
DA:125,1
DA:126,1
DA:127,1
DA:129,8
DA:130,8
DA:132,1
DA:133,1
DA:135,1
DA:136,1
DA:137,1
DA:138,1
DA:139,1
LF:111
LH:111
BRDA:8,0,0,8
BRDA:9,1,0,2
BRDA:9,2,0,6
BRDA:14,3,0,9
BRDA:15,4,0,8
BRDA:15,5,0,1
BRDA:15,6,0,8
BRDA:17,7,0,7
BRDA:17,8,0,1
BRDA:22,9,0,7
BRDA:24,10,0,7
BRDA:24,11,0,7
BRDA:35,12,0,12
BRDA:39,13,0,15
BRDA:43,14,0,8
BRDA:43,15,0,8
BRDA:45,16,0,7
BRDA:48,17,0,7
BRDA:48,18,0,2
BRDA:50,19,0,5
BRDA:51,20,0,4
BRDA:54,21,0,1
BRDA:54,22,0,1
BRDA:58,23,0,1
BRDA:65,24,0,19
BRDA:66,25,0,1
BRDA:66,26,0,18
BRDA:67,27,0,12
BRDA:67,28,0,6
BRDA:69,29,0,12
BRDA:71,30,0,11
BRDA:71,31,0,11
BRDA:72,32,0,3
BRDA:74,33,0,2
BRDA:76,34,0,1
BRDA:77,35,0,1
BRDA:77,36,0,1
BRDA:85,37,0,2
BRDA:89,38,0,8
BRDA:94,39,0,7
BRDA:95,40,0,1
BRDA:95,41,0,1
BRDA:98,42,0,6
BRDA:98,43,0,1
BRDA:100,44,0,1
BRDA:101,45,0,5
BRDA:101,46,0,2
BRDA:102,47,0,1
BRDA:107,48,0,3
BRDA:107,49,0,2
BRDA:107,50,0,2
BRDA:109,51,0,1
BRDA:116,52,0,4
BRDA:124,53,0,1
BRDA:127,54,0,8
BRDA:130,55,0,1
BRDA:137,56,0,2
BRDA:138,57,0,5
BRF:58
BRH:58
end_of_record
TN:
SF:src/hooks/internal/update-queue.ts
FN:17,scheduleUpdate
FN:26,deleteUpdateQueue
FN:28,clearUpdateQueue
FN:30,flushUpdates
FNF:4
FNH:4
FNDA:7,scheduleUpdate
FNDA:1,deleteUpdateQueue
FNDA:5,clearUpdateQueue
FNDA:6,flushUpdates
DA:2,1
DA:3,1
DA:4,1
DA:12,1
DA:13,1
DA:14,1
DA:15,1
DA:17,1
DA:18,7
DA:20,7
DA:22,6
DA:23,6
DA:24,6
DA:26,1
DA:28,1
DA:30,1
DA:31,6
DA:32,6
DA:33,6
DA:35,6
DA:36,4
DA:38,1
DA:39,1
DA:40,1
DA:41,1
DA:42,1
DA:43,1
DA:45,1
DA:47,1
DA:48,1
DA:49,1
DA:51,1
DA:52,4
DA:53,1
DA:54,1
DA:56,1
DA:58,1
DA:59,1
DA:60,1
DA:61,1
DA:62,1
DA:63,1
DA:64,6
LF:43
LH:43
BRDA:17,0,0,7
BRDA:20,1,0,1
BRDA:20,2,0,6
BRDA:23,3,0,6
BRDA:26,4,0,1
BRDA:28,5,0,5
BRDA:30,6,0,6
BRDA:35,7,0,4
BRDA:36,8,0,2
BRDA:36,9,0,3
BRDA:36,10,0,1
BRDA:52,11,0,1
BRDA:58,12,0,1
BRF:13
BRH:13
end_of_record
TN:
SF:src/hooks/internal/with-hooks.ts
FN:9,withHooks
FN:19,scheduleUpdate
FN:56,cleanupHostInstance
FNF:3
FNH:3
FNDA:6,withHooks
FNDA:1,scheduleUpdate
FNDA:16,cleanupHostInstance
DA:2,1
DA:3,1
DA:5,1
DA:7,1
DA:9,1
DA:10,6
DA:11,6
DA:12,6
DA:13,6
DA:14,6
DA:15,6
DA:16,6
DA:17,6
DA:18,6
DA:19,6
DA:20,6
DA:22,6
DA:23,6
DA:24,6
DA:25,6
DA:26,6
DA:27,6
DA:29,6
DA:31,6
DA:32,6
DA:33,6
DA:34,6
DA:35,6
DA:36,6
DA:37,6
DA:39,6
DA:41,6
DA:42,6
DA:43,6
DA:44,6
DA:45,6
DA:46,6
DA:48,6
DA:49,6
DA:50,2
DA:51,2
DA:53,6
DA:54,6
DA:56,1
DA:57,16
DA:58,16
DA:59,1
DA:60,1
DA:62,1
DA:63,1
DA:64,1
DA:65,1
DA:66,1
DA:67,1
DA:68,1
DA:69,1
DA:70,1
DA:72,16
DA:73,16
DA:74,2
DA:75,2
DA:76,16
LF:62
LH:62
BRDA:9,0,0,6
BRDA:49,1,0,2
BRDA:49,2,0,2
BRDA:19,3,0,1
BRDA:41,4,0,6
BRDA:56,5,0,16
BRDA:58,6,0,1
BRDA:73,7,0,2
BRF:8
BRH:8
end_of_record
